<?xml version="1.0" encoding="UTF-8"?>
<!-- Generated by org.testng.reporters.JUnitXMLReporter -->
<testsuite hostname="SUWAL" name="Command line test" tests="10" failures="1" timestamp="25 Nov 2018 15:59:55 GMT" time="143.818" errors="0">
  <testcase name="ContactPageSelectContactTest" time="0.147" classname="com.mvnProject.testcases.ContactsPageTest"/>
  <testcase name="ContactPageSelectMultipleContactTest" time="0.348" classname="com.mvnProject.testcases.ContactsPageTest"/>
  <testcase name="HomePageNewContactsTabTest" time="1.861" classname="com.mvnProject.testcases.HomePageTest"/>
  <testcase name="HomePageTitleTest" time="0.012" classname="com.mvnProject.testcases.HomePageTest"/>
  <testcase name="LoginPageLogoTest" time="0.062" classname="com.mvnProject.testcases.LoginPageTest"/>
  <testcase name="LoginPageSignUpLinkTest" time="1.852" classname="com.mvnProject.testcases.LoginPageTest"/>
  <testcase name="LoginPageTitleTest" time="0.009" classname="com.mvnProject.testcases.LoginPageTest"/>
  <testcase name="LoginTest" time="3.257" classname="com.mvnProject.testcases.LoginPageTest"/>
  <testcase name="NewContactPageCreateNewContactTest" time="13.246" classname="com.mvnProject.testcases.NewContactPageTest">
    <failure type="java.lang.AssertionError" message="expected [true] but found [false]">
      <![CDATA[java.lang.AssertionError: expected [true] but found [false]
	at com.mvnProject.testcases.NewContactPageTest.NewContactPageCreateNewContactTest(NewContactPageTest.java:55)
	at org.apache.maven.surefire.testng.TestNGExecutor.run(TestNGExecutor.java:77)
	at org.apache.maven.surefire.testng.TestNGDirectoryTestSuite.executeMulti(TestNGDirectoryTestSuite.java:159)
	at org.apache.maven.surefire.testng.TestNGDirectoryTestSuite.execute(TestNGDirectoryTestSuite.java:99)
	at org.apache.maven.surefire.testng.TestNGProvider.invoke(TestNGProvider.java:106)
	at org.apache.maven.surefire.util.ReflectionUtils.invokeMethodWithArray(ReflectionUtils.java:189)
	at org.apache.maven.surefire.booter.ProviderFactory$ProviderProxy.invoke(ProviderFactory.java:165)
	at org.apache.maven.surefire.booter.ProviderFactory.invokeProvider(ProviderFactory.java:85)
	at org.apache.maven.surefire.booter.ForkedBooter.runSuitesInProcess(ForkedBooter.java:115)
	at org.apache.maven.surefire.booter.ForkedBooter.main(ForkedBooter.java:75)
... Removed 29 stack frames]]>
    </failure>
  </testcase> <!-- NewContactPageCreateNewContactTest -->
  <testcase name="NewContactPageCreateNewContactTest" time="3.016" classname="com.mvnProject.testcases.NewContactPageTest"/>
</testsuite> <!-- Command line test -->
